Warning[203] E:\LAB 05\LAB05_01.ASM 3 : Found opcode in column 1. (SETF)
Warning[203] E:\LAB 05\LAB05_01.ASM 4 : Found opcode in column 1. (CLRF)
Warning[203] E:\LAB 05\LAB05_01.ASM 5 : Found opcode in column 1. (CLRF)
Warning[203] E:\LAB 05\LAB05_01.ASM 6 : Found opcode in column 1. (CLRF)
Warning[203] E:\LAB 05\LAB05_01.ASM 7 : Found opcode in column 1. (CLRF)
Warning[203] E:\LAB 05\LAB05_01.ASM 10 : Found opcode in column 1. (CALL)
Warning[203] E:\LAB 05\LAB05_01.ASM 11 : Found opcode in column 1. (GOTO)
Warning[203] E:\LAB 05\LAB05_01.ASM 14 : Found opcode in column 1. (BTFSC)
Warning[203] E:\LAB 05\LAB05_01.ASM 15 : Found opcode in column 1. (ADDLW)
Warning[203] E:\LAB 05\LAB05_01.ASM 16 : Found opcode in column 1. (BTFSC)
Warning[203] E:\LAB 05\LAB05_01.ASM 17 : Found opcode in column 1. (ADDLW)
Warning[203] E:\LAB 05\LAB05_01.ASM 18 : Found opcode in column 1. (BTFSC)
Warning[203] E:\LAB 05\LAB05_01.ASM 19 : Found opcode in column 1. (ADDLW)
Warning[203] E:\LAB 05\LAB05_01.ASM 20 : Found opcode in column 1. (BTFSC)
Warning[203] E:\LAB 05\LAB05_01.ASM 21 : Found opcode in column 1. (ADDLW)
Warning[203] E:\LAB 05\LAB05_01.ASM 22 : Found opcode in column 1. (BTFSC)
Warning[203] E:\LAB 05\LAB05_01.ASM 23 : Found opcode in column 1. (ADDLW)
Warning[203] E:\LAB 05\LAB05_01.ASM 24 : Found opcode in column 1. (BTFSC)
Warning[203] E:\LAB 05\LAB05_01.ASM 25 : Found opcode in column 1. (ADDLW)
Warning[203] E:\LAB 05\LAB05_01.ASM 26 : Found opcode in column 1. (INCF)
Warning[203] E:\LAB 05\LAB05_01.ASM 27 : Found opcode in column 1. (MOVWF)
Warning[203] E:\LAB 05\LAB05_01.ASM 28 : Found opcode in column 1. (CLRF)
Warning[203] E:\LAB 05\LAB05_01.ASM 29 : Found opcode in column 1. (CALL)
Warning[203] E:\LAB 05\LAB05_01.ASM 30 : Found opcode in column 1. (RETURN)
Warning[203] E:\LAB 05\LAB05_01.ASM 33 : Found opcode in column 1. (DCFSNZ)
Warning[203] E:\LAB 05\LAB05_01.ASM 34 : Found opcode in column 1. (CALL)
Warning[203] E:\LAB 05\LAB05_01.ASM 35 : Found opcode in column 1. (DCFSNZ)
Warning[203] E:\LAB 05\LAB05_01.ASM 36 : Found opcode in column 1. (CALL)
Warning[203] E:\LAB 05\LAB05_01.ASM 37 : Found opcode in column 1. (DCFSNZ)
Warning[203] E:\LAB 05\LAB05_01.ASM 38 : Found opcode in column 1. (CALL)
Warning[203] E:\LAB 05\LAB05_01.ASM 39 : Found opcode in column 1. (DCFSNZ)
Warning[203] E:\LAB 05\LAB05_01.ASM 40 : Found opcode in column 1. (CALL)
Warning[203] E:\LAB 05\LAB05_01.ASM 41 : Found opcode in column 1. (DCFSNZ)
Warning[203] E:\LAB 05\LAB05_01.ASM 42 : Found opcode in column 1. (CALL)
Warning[203] E:\LAB 05\LAB05_01.ASM 43 : Found opcode in column 1. (DCFSNZ)
Warning[203] E:\LAB 05\LAB05_01.ASM 44 : Found opcode in column 1. (CALL)
Warning[203] E:\LAB 05\LAB05_01.ASM 45 : Found opcode in column 1. (DCFSNZ)
Warning[203] E:\LAB 05\LAB05_01.ASM 46 : Found opcode in column 1. (CALL)
Warning[203] E:\LAB 05\LAB05_01.ASM 47 : Found opcode in column 1. (DCFSNZ)
Warning[203] E:\LAB 05\LAB05_01.ASM 48 : Found opcode in column 1. (CALL)
Warning[203] E:\LAB 05\LAB05_01.ASM 49 : Found opcode in column 1. (DCFSNZ)
Warning[203] E:\LAB 05\LAB05_01.ASM 50 : Found opcode in column 1. (CALL)
Warning[203] E:\LAB 05\LAB05_01.ASM 51 : Found opcode in column 1. (RETURN)
Warning[203] E:\LAB 05\LAB05_01.ASM 54 : Found opcode in column 1. (MOVLW)
Warning[203] E:\LAB 05\LAB05_01.ASM 55 : Found opcode in column 1. (MOVWF)
Warning[203] E:\LAB 05\LAB05_01.ASM 56 : Found opcode in column 1. (RETURN)
Warning[203] E:\LAB 05\LAB05_01.ASM 59 : Found opcode in column 1. (MOVLW)
Warning[203] E:\LAB 05\LAB05_01.ASM 60 : Found opcode in column 1. (MOVWF)
Warning[203] E:\LAB 05\LAB05_01.ASM 61 : Found opcode in column 1. (RETURN)
Warning[203] E:\LAB 05\LAB05_01.ASM 64 : Found opcode in column 1. (MOVLW)
Warning[203] E:\LAB 05\LAB05_01.ASM 65 : Found opcode in column 1. (MOVWF)
Warning[203] E:\LAB 05\LAB05_01.ASM 66 : Found opcode in column 1. (RETURN)
Warning[203] E:\LAB 05\LAB05_01.ASM 69 : Found opcode in column 1. (MOVLW)
Warning[203] E:\LAB 05\LAB05_01.ASM 70 : Found opcode in column 1. (MOVWF)
Warning[203] E:\LAB 05\LAB05_01.ASM 71 : Found opcode in column 1. (RETURN)
Warning[203] E:\LAB 05\LAB05_01.ASM 74 : Found opcode in column 1. (MOVLW)
Warning[203] E:\LAB 05\LAB05_01.ASM 75 : Found opcode in column 1. (MOVWF)
Warning[203] E:\LAB 05\LAB05_01.ASM 76 : Found opcode in column 1. (RETURN)
Warning[203] E:\LAB 05\LAB05_01.ASM 79 : Found opcode in column 1. (MOVLW)
Warning[203] E:\LAB 05\LAB05_01.ASM 80 : Found opcode in column 1. (MOVWF)
Warning[203] E:\LAB 05\LAB05_01.ASM 81 : Found opcode in column 1. (RETURN)
Warning[203] E:\LAB 05\LAB05_01.ASM 84 : Found opcode in column 1. (MOVLW)
Warning[203] E:\LAB 05\LAB05_01.ASM 85 : Found opcode in column 1. (MOVWF)
Warning[203] E:\LAB 05\LAB05_01.ASM 86 : Found opcode in column 1. (RETURN)
Warning[203] E:\LAB 05\LAB05_01.ASM 89 : Found opcode in column 1. (MOVLW)
Warning[203] E:\LAB 05\LAB05_01.ASM 90 : Found opcode in column 1. (MOVWF)
Warning[203] E:\LAB 05\LAB05_01.ASM 91 : Found opcode in column 1. (RETURN)
Warning[203] E:\LAB 05\LAB05_01.ASM 94 : Found opcode in column 1. (MOVLW)
Warning[203] E:\LAB 05\LAB05_01.ASM 95 : Found opcode in column 1. (MOVWF)
Warning[203] E:\LAB 05\LAB05_01.ASM 96 : Found opcode in column 1. (RETURN)
Warning[203] E:\LAB 05\LAB05_01.ASM 99 : Found opcode in column 1. (MOVLW)
Warning[203] E:\LAB 05\LAB05_01.ASM 100 : Found opcode in column 1. (MOVWF)
Warning[203] E:\LAB 05\LAB05_01.ASM 101 : Found opcode in column 1. (RETURN)
Warning[205] E:\LAB 05\LAB05_01.ASM 103 : Found directive in column 1. (end)
