Warning[203] E:\CAP TECH\MICRO ASSEMBLY\LAB\LAB 4\UNTITLED.ASM 2 : Found opcode in column 1. (CLRF)
Warning[203] E:\CAP TECH\MICRO ASSEMBLY\LAB\LAB 4\UNTITLED.ASM 3 : Found opcode in column 1. (CLRF)
Warning[203] E:\CAP TECH\MICRO ASSEMBLY\LAB\LAB 4\UNTITLED.ASM 4 : Found opcode in column 1. (MOVLW)
Warning[203] E:\CAP TECH\MICRO ASSEMBLY\LAB\LAB 4\UNTITLED.ASM 5 : Found opcode in column 1. (MOVWF)
Warning[203] E:\CAP TECH\MICRO ASSEMBLY\LAB\LAB 4\UNTITLED.ASM 6 : Found opcode in column 1. (CALL)
Warning[203] E:\CAP TECH\MICRO ASSEMBLY\LAB\LAB 4\UNTITLED.ASM 7 : Found opcode in column 1. (MOVLW)
Warning[203] E:\CAP TECH\MICRO ASSEMBLY\LAB\LAB 4\UNTITLED.ASM 8 : Found opcode in column 1. (MOVWF)
Warning[203] E:\CAP TECH\MICRO ASSEMBLY\LAB\LAB 4\UNTITLED.ASM 9 : Found opcode in column 1. (CALL)
Warning[203] E:\CAP TECH\MICRO ASSEMBLY\LAB\LAB 4\UNTITLED.ASM 10 : Found opcode in column 1. (MOVLW)
Warning[203] E:\CAP TECH\MICRO ASSEMBLY\LAB\LAB 4\UNTITLED.ASM 11 : Found opcode in column 1. (MOVWF)
Warning[203] E:\CAP TECH\MICRO ASSEMBLY\LAB\LAB 4\UNTITLED.ASM 12 : Found opcode in column 1. (CALL)
Warning[203] E:\CAP TECH\MICRO ASSEMBLY\LAB\LAB 4\UNTITLED.ASM 13 : Found opcode in column 1. (MOVLW)
Warning[203] E:\CAP TECH\MICRO ASSEMBLY\LAB\LAB 4\UNTITLED.ASM 14 : Found opcode in column 1. (MOVWF)
Warning[203] E:\CAP TECH\MICRO ASSEMBLY\LAB\LAB 4\UNTITLED.ASM 15 : Found opcode in column 1. (CALL)
Warning[203] E:\CAP TECH\MICRO ASSEMBLY\LAB\LAB 4\UNTITLED.ASM 16 : Found opcode in column 1. (MOVLW)
Warning[203] E:\CAP TECH\MICRO ASSEMBLY\LAB\LAB 4\UNTITLED.ASM 17 : Found opcode in column 1. (MOVWF)
Warning[203] E:\CAP TECH\MICRO ASSEMBLY\LAB\LAB 4\UNTITLED.ASM 18 : Found opcode in column 1. (CALL)
Warning[203] E:\CAP TECH\MICRO ASSEMBLY\LAB\LAB 4\UNTITLED.ASM 19 : Found opcode in column 1. (MOVLW)
Warning[203] E:\CAP TECH\MICRO ASSEMBLY\LAB\LAB 4\UNTITLED.ASM 20 : Found opcode in column 1. (MOVWF)
Warning[203] E:\CAP TECH\MICRO ASSEMBLY\LAB\LAB 4\UNTITLED.ASM 21 : Found opcode in column 1. (CALL)
Warning[203] E:\CAP TECH\MICRO ASSEMBLY\LAB\LAB 4\UNTITLED.ASM 22 : Found opcode in column 1. (MOVLW)
Warning[203] E:\CAP TECH\MICRO ASSEMBLY\LAB\LAB 4\UNTITLED.ASM 23 : Found opcode in column 1. (MOVWF)
Warning[203] E:\CAP TECH\MICRO ASSEMBLY\LAB\LAB 4\UNTITLED.ASM 24 : Found opcode in column 1. (CALL)
Warning[203] E:\CAP TECH\MICRO ASSEMBLY\LAB\LAB 4\UNTITLED.ASM 25 : Found opcode in column 1. (MOVLW)
Warning[203] E:\CAP TECH\MICRO ASSEMBLY\LAB\LAB 4\UNTITLED.ASM 26 : Found opcode in column 1. (MOVWF)
Warning[203] E:\CAP TECH\MICRO ASSEMBLY\LAB\LAB 4\UNTITLED.ASM 27 : Found opcode in column 1. (CALL)
Warning[203] E:\CAP TECH\MICRO ASSEMBLY\LAB\LAB 4\UNTITLED.ASM 28 : Found opcode in column 1. (MOVLW)
Warning[203] E:\CAP TECH\MICRO ASSEMBLY\LAB\LAB 4\UNTITLED.ASM 29 : Found opcode in column 1. (MOVWF)
Warning[203] E:\CAP TECH\MICRO ASSEMBLY\LAB\LAB 4\UNTITLED.ASM 30 : Found opcode in column 1. (CALL)
Warning[203] E:\CAP TECH\MICRO ASSEMBLY\LAB\LAB 4\UNTITLED.ASM 31 : Found opcode in column 1. (MOVLW)
Warning[203] E:\CAP TECH\MICRO ASSEMBLY\LAB\LAB 4\UNTITLED.ASM 32 : Found opcode in column 1. (MOVWF)
Warning[203] E:\CAP TECH\MICRO ASSEMBLY\LAB\LAB 4\UNTITLED.ASM 39 : Found opcode in column 1. (MOVLW)
Warning[203] E:\CAP TECH\MICRO ASSEMBLY\LAB\LAB 4\UNTITLED.ASM 40 : Found opcode in column 1. (MOVWF)
Warning[203] E:\CAP TECH\MICRO ASSEMBLY\LAB\LAB 4\UNTITLED.ASM 41 : Found opcode in column 1. (MOVLW)
Warning[203] E:\CAP TECH\MICRO ASSEMBLY\LAB\LAB 4\UNTITLED.ASM 42 : Found opcode in column 1. (MOVWF)
Warning[203] E:\CAP TECH\MICRO ASSEMBLY\LAB\LAB 4\UNTITLED.ASM 43 : Found opcode in column 1. (MOVLW)
Warning[203] E:\CAP TECH\MICRO ASSEMBLY\LAB\LAB 4\UNTITLED.ASM 44 : Found opcode in column 1. (MOVWF)
Warning[203] E:\CAP TECH\MICRO ASSEMBLY\LAB\LAB 4\UNTITLED.ASM 46 : Found opcode in column 1. (DECFSZ)
Warning[203] E:\CAP TECH\MICRO ASSEMBLY\LAB\LAB 4\UNTITLED.ASM 47 : Found opcode in column 1. (GOTO)
Warning[203] E:\CAP TECH\MICRO ASSEMBLY\LAB\LAB 4\UNTITLED.ASM 48 : Found opcode in column 1. (DECFSZ)
Warning[203] E:\CAP TECH\MICRO ASSEMBLY\LAB\LAB 4\UNTITLED.ASM 49 : Found opcode in column 1. (GOTO)
Warning[203] E:\CAP TECH\MICRO ASSEMBLY\LAB\LAB 4\UNTITLED.ASM 50 : Found opcode in column 1. (DECFSZ)
Warning[203] E:\CAP TECH\MICRO ASSEMBLY\LAB\LAB 4\UNTITLED.ASM 51 : Found opcode in column 1. (GOTO)
Warning[203] E:\CAP TECH\MICRO ASSEMBLY\LAB\LAB 4\UNTITLED.ASM 52 : Found opcode in column 1. (RETURN)
Warning[205] E:\CAP TECH\MICRO ASSEMBLY\LAB\LAB 4\UNTITLED.ASM 55 : Found directive in column 1. (end)
